The target system is: Android - 1 - armv7-a
The host system is: Linux - 5.11.0-38-generic - x86_64
Determining if the C compiler works passed with the following output:
Change Dir: /home/maxime/Quic_Android/cargo/target/armv7-linux-androideabi/release/build/quiche-44d5cacee5d27a65/out/build/CMakeFiles/CMakeTmp

Run Build Command(s):/home/maxime/Quic_Android/NDK/arm/bin/make cmTC_b5c8b/fast && /home/maxime/Quic_Android/NDK/arm/bin/make -f CMakeFiles/cmTC_b5c8b.dir/build.make CMakeFiles/cmTC_b5c8b.dir/build
make[1]: Entering directory '/home/maxime/Quic_Android/cargo/target/armv7-linux-androideabi/release/build/quiche-44d5cacee5d27a65/out/build/CMakeFiles/CMakeTmp'
Building C object CMakeFiles/cmTC_b5c8b.dir/testCCompiler.c.o
/home/maxime/Android/Sdk/ndk/21.1.6352462/toolchains/llvm/prebuilt/linux-x86_64/bin/clang --target=armv7-none-linux-androideabi21 --gcc-toolchain=/home/maxime/Android/Sdk/ndk/21.1.6352462/toolchains/llvm/prebuilt/linux-x86_64 --sysroot=/home/maxime/Android/Sdk/ndk/21.1.6352462/toolchains/llvm/prebuilt/linux-x86_64/sysroot   -g -DANDROID -fdata-sections -ffunction-sections -funwind-tables -fstack-protector-strong -no-canonical-prefixes -D_FORTIFY_SOURCE=2 -march=armv7-a -mthumb -Wformat -Werror=format-security   -fPIE   -o CMakeFiles/cmTC_b5c8b.dir/testCCompiler.c.o   -c /home/maxime/Quic_Android/cargo/target/armv7-linux-androideabi/release/build/quiche-44d5cacee5d27a65/out/build/CMakeFiles/CMakeTmp/testCCompiler.c
Linking C executable cmTC_b5c8b
/usr/bin/cmake -E cmake_link_script CMakeFiles/cmTC_b5c8b.dir/link.txt --verbose=1
/home/maxime/Android/Sdk/ndk/21.1.6352462/toolchains/llvm/prebuilt/linux-x86_64/bin/clang --target=armv7-none-linux-androideabi21 --gcc-toolchain=/home/maxime/Android/Sdk/ndk/21.1.6352462/toolchains/llvm/prebuilt/linux-x86_64 --sysroot=/home/maxime/Android/Sdk/ndk/21.1.6352462/toolchains/llvm/prebuilt/linux-x86_64/sysroot -g -DANDROID -fdata-sections -ffunction-sections -funwind-tables -fstack-protector-strong -no-canonical-prefixes -D_FORTIFY_SOURCE=2 -march=armv7-a -mthumb -Wformat -Werror=format-security    -Wl,--exclude-libs,libgcc.a -Wl,--exclude-libs,libgcc_real.a -Wl,--exclude-libs,libatomic.a -Wl,--build-id -Wl,--fatal-warnings -Wl,--exclude-libs,libunwind.a -Wl,--no-undefined -Qunused-arguments -Wl,--gc-sections   CMakeFiles/cmTC_b5c8b.dir/testCCompiler.c.o  -o cmTC_b5c8b  -latomic -lm 
make[1]: Leaving directory '/home/maxime/Quic_Android/cargo/target/armv7-linux-androideabi/release/build/quiche-44d5cacee5d27a65/out/build/CMakeFiles/CMakeTmp'



Detecting C compiler ABI info compiled with the following output:
Change Dir: /home/maxime/Quic_Android/cargo/target/armv7-linux-androideabi/release/build/quiche-44d5cacee5d27a65/out/build/CMakeFiles/CMakeTmp

Run Build Command(s):/home/maxime/Quic_Android/NDK/arm/bin/make cmTC_68603/fast && /home/maxime/Quic_Android/NDK/arm/bin/make -f CMakeFiles/cmTC_68603.dir/build.make CMakeFiles/cmTC_68603.dir/build
make[1]: Entering directory '/home/maxime/Quic_Android/cargo/target/armv7-linux-androideabi/release/build/quiche-44d5cacee5d27a65/out/build/CMakeFiles/CMakeTmp'
Building C object CMakeFiles/cmTC_68603.dir/CMakeCCompilerABI.c.o
/home/maxime/Android/Sdk/ndk/21.1.6352462/toolchains/llvm/prebuilt/linux-x86_64/bin/clang --target=armv7-none-linux-androideabi21 --gcc-toolchain=/home/maxime/Android/Sdk/ndk/21.1.6352462/toolchains/llvm/prebuilt/linux-x86_64 --sysroot=/home/maxime/Android/Sdk/ndk/21.1.6352462/toolchains/llvm/prebuilt/linux-x86_64/sysroot   -g -DANDROID -fdata-sections -ffunction-sections -funwind-tables -fstack-protector-strong -no-canonical-prefixes -D_FORTIFY_SOURCE=2 -march=armv7-a -mthumb -Wformat -Werror=format-security   -fPIE   -v -o CMakeFiles/cmTC_68603.dir/CMakeCCompilerABI.c.o   -c /usr/share/cmake-3.16/Modules/CMakeCCompilerABI.c
Android (6317467 based on r365631c1) clang version 9.0.8 (https://android.googlesource.com/toolchain/llvm-project e0caee08e5f09b374a27a676d04978c81fcb1928) (based on LLVM 9.0.8svn)
Target: armv7-none-linux-android21
Thread model: posix
InstalledDir: /home/maxime/Android/Sdk/ndk/21.1.6352462/toolchains/llvm/prebuilt/linux-x86_64/bin
Found candidate GCC installation: /home/maxime/Android/Sdk/ndk/21.1.6352462/toolchains/llvm/prebuilt/linux-x86_64/lib/gcc/arm-linux-androideabi/4.9.x
Selected GCC installation: /home/maxime/Android/Sdk/ndk/21.1.6352462/toolchains/llvm/prebuilt/linux-x86_64/lib/gcc/arm-linux-androideabi/4.9.x
Candidate multilib: thumb;@mthumb
Candidate multilib: armv7-a;@march=armv7-a
Candidate multilib: armv7-a/thumb;@march=armv7-a@mthumb
Candidate multilib: .;
Selected multilib: armv7-a/thumb;@march=armv7-a@mthumb
 "/home/maxime/Android/Sdk/ndk/21.1.6352462/toolchains/llvm/prebuilt/linux-x86_64/bin/clang" -cc1 -triple thumbv7-none-linux-android21 -emit-obj -mrelax-all -mnoexecstack -disable-free -disable-llvm-verifier -discard-value-names -main-file-name CMakeCCompilerABI.c -mrelocation-model pic -pic-level 2 -pic-is-pie -mthread-model posix -mdisable-fp-elim -masm-verbose -mconstructor-aliases -munwind-tables -fuse-init-array -target-cpu generic -target-feature +soft-float-abi -target-feature +fpregs -target-feature +vfp2 -target-feature +vfp2d16 -target-feature +vfp2d16sp -target-feature +vfp2sp -target-feature +vfp3 -target-feature +vfp3d16 -target-feature +vfp3d16sp -target-feature +vfp3sp -target-feature -fp16 -target-feature -vfp4 -target-feature -vfp4d16 -target-feature -vfp4d16sp -target-feature -vfp4sp -target-feature -fp-armv8 -target-feature -fp-armv8d16 -target-feature -fp-armv8d16sp -target-feature -fp-armv8sp -target-feature -fullfp16 -target-feature +fp64 -target-feature +d32 -target-feature +neon -target-feature -crypto -target-feature -fp16fml -target-abi aapcs-linux -mfloat-abi soft -fallow-half-arguments-and-returns -dwarf-column-info -debug-info-kind=limited -dwarf-version=4 -debugger-tuning=gdb -v -ffunction-sections -fdata-sections -coverage-notes-file /home/maxime/Quic_Android/cargo/target/armv7-linux-androideabi/release/build/quiche-44d5cacee5d27a65/out/build/CMakeFiles/CMakeTmp/CMakeFiles/cmTC_68603.dir/CMakeCCompilerABI.c.gcno -resource-dir /home/maxime/Android/Sdk/ndk/21.1.6352462/toolchains/llvm/prebuilt/linux-x86_64/lib64/clang/9.0.8 -D ANDROID -D _FORTIFY_SOURCE=2 -isysroot /home/maxime/Android/Sdk/ndk/21.1.6352462/toolchains/llvm/prebuilt/linux-x86_64/sysroot -internal-isystem /home/maxime/Android/Sdk/ndk/21.1.6352462/toolchains/llvm/prebuilt/linux-x86_64/sysroot/usr/local/include -internal-isystem /home/maxime/Android/Sdk/ndk/21.1.6352462/toolchains/llvm/prebuilt/linux-x86_64/lib64/clang/9.0.8/include -internal-externc-isystem /home/maxime/Android/Sdk/ndk/21.1.6352462/toolchains/llvm/prebuilt/linux-x86_64/sysroot/usr/include/arm-linux-androideabi -internal-externc-isystem /home/maxime/Android/Sdk/ndk/21.1.6352462/toolchains/llvm/prebuilt/linux-x86_64/sysroot/include -internal-externc-isystem /home/maxime/Android/Sdk/ndk/21.1.6352462/toolchains/llvm/prebuilt/linux-x86_64/sysroot/usr/include -Wformat -Werror=format-security -fdebug-compilation-dir /home/maxime/Quic_Android/cargo/target/armv7-linux-androideabi/release/build/quiche-44d5cacee5d27a65/out/build/CMakeFiles/CMakeTmp -ferror-limit 19 -fmessage-length 0 -stack-protector 2 -fno-signed-char -fobjc-runtime=gcc -fdiagnostics-show-option -o CMakeFiles/cmTC_68603.dir/CMakeCCompilerABI.c.o -x c /usr/share/cmake-3.16/Modules/CMakeCCompilerABI.c
clang -cc1 version 9.0.8 based upon LLVM 9.0.8svn default target x86_64-unknown-linux-gnu
ignoring nonexistent directory "/home/maxime/Android/Sdk/ndk/21.1.6352462/toolchains/llvm/prebuilt/linux-x86_64/sysroot/include"
#include "..." search starts here:
#include <...> search starts here:
 /home/maxime/Android/Sdk/ndk/21.1.6352462/toolchains/llvm/prebuilt/linux-x86_64/sysroot/usr/local/include
 /home/maxime/Android/Sdk/ndk/21.1.6352462/toolchains/llvm/prebuilt/linux-x86_64/lib64/clang/9.0.8/include
 /home/maxime/Android/Sdk/ndk/21.1.6352462/toolchains/llvm/prebuilt/linux-x86_64/sysroot/usr/include/arm-linux-androideabi
 /home/maxime/Android/Sdk/ndk/21.1.6352462/toolchains/llvm/prebuilt/linux-x86_64/sysroot/usr/include
End of search list.
Linking C executable cmTC_68603
/usr/bin/cmake -E cmake_link_script CMakeFiles/cmTC_68603.dir/link.txt --verbose=1
/home/maxime/Android/Sdk/ndk/21.1.6352462/toolchains/llvm/prebuilt/linux-x86_64/bin/clang --target=armv7-none-linux-androideabi21 --gcc-toolchain=/home/maxime/Android/Sdk/ndk/21.1.6352462/toolchains/llvm/prebuilt/linux-x86_64 --sysroot=/home/maxime/Android/Sdk/ndk/21.1.6352462/toolchains/llvm/prebuilt/linux-x86_64/sysroot -g -DANDROID -fdata-sections -ffunction-sections -funwind-tables -fstack-protector-strong -no-canonical-prefixes -D_FORTIFY_SOURCE=2 -march=armv7-a -mthumb -Wformat -Werror=format-security    -Wl,--exclude-libs,libgcc.a -Wl,--exclude-libs,libgcc_real.a -Wl,--exclude-libs,libatomic.a -Wl,--build-id -Wl,--fatal-warnings -Wl,--exclude-libs,libunwind.a -Wl,--no-undefined -Qunused-arguments -Wl,--gc-sections  -v CMakeFiles/cmTC_68603.dir/CMakeCCompilerABI.c.o  -o cmTC_68603 
Android (6317467 based on r365631c1) clang version 9.0.8 (https://android.googlesource.com/toolchain/llvm-project e0caee08e5f09b374a27a676d04978c81fcb1928) (based on LLVM 9.0.8svn)
Target: armv7-none-linux-android21
Thread model: posix
InstalledDir: /home/maxime/Android/Sdk/ndk/21.1.6352462/toolchains/llvm/prebuilt/linux-x86_64/bin
Found candidate GCC installation: /home/maxime/Android/Sdk/ndk/21.1.6352462/toolchains/llvm/prebuilt/linux-x86_64/lib/gcc/arm-linux-androideabi/4.9.x
Selected GCC installation: /home/maxime/Android/Sdk/ndk/21.1.6352462/toolchains/llvm/prebuilt/linux-x86_64/lib/gcc/arm-linux-androideabi/4.9.x
Candidate multilib: thumb;@mthumb
Candidate multilib: armv7-a;@march=armv7-a
Candidate multilib: armv7-a/thumb;@march=armv7-a@mthumb
Candidate multilib: .;
Selected multilib: armv7-a/thumb;@march=armv7-a@mthumb
 "/home/maxime/Android/Sdk/ndk/21.1.6352462/toolchains/llvm/prebuilt/linux-x86_64/lib/gcc/arm-linux-androideabi/4.9.x/../../../../arm-linux-androideabi/bin/ld" --sysroot=/home/maxime/Android/Sdk/ndk/21.1.6352462/toolchains/llvm/prebuilt/linux-x86_64/sysroot -pie -z noexecstack -EL --warn-shared-textrel -z now -z relro -X --hash-style=both --enable-new-dtags --eh-frame-hdr -m armelf_linux_eabi -dynamic-linker /system/bin/linker -o cmTC_68603 /home/maxime/Android/Sdk/ndk/21.1.6352462/toolchains/llvm/prebuilt/linux-x86_64/sysroot/usr/lib/arm-linux-androideabi/21/crtbegin_dynamic.o -L/home/maxime/Android/Sdk/ndk/21.1.6352462/toolchains/llvm/prebuilt/linux-x86_64/lib64/clang/9.0.8/lib/linux/arm -L/home/maxime/Android/Sdk/ndk/21.1.6352462/toolchains/llvm/prebuilt/linux-x86_64/lib/gcc/arm-linux-androideabi/4.9.x/armv7-a/thumb -L/home/maxime/Android/Sdk/ndk/21.1.6352462/toolchains/llvm/prebuilt/linux-x86_64/lib/gcc/arm-linux-androideabi/4.9.x/../../../../arm-linux-androideabi/lib/../lib/armv7-a/thumb -L/home/maxime/Android/Sdk/ndk/21.1.6352462/toolchains/llvm/prebuilt/linux-x86_64/sysroot/usr/lib/arm-linux-androideabi/21 -L/home/maxime/Android/Sdk/ndk/21.1.6352462/toolchains/llvm/prebuilt/linux-x86_64/sysroot/usr/lib/arm-linux-androideabi -L/home/maxime/Android/Sdk/ndk/21.1.6352462/toolchains/llvm/prebuilt/linux-x86_64/sysroot/usr/lib/../lib -L/home/maxime/Android/Sdk/ndk/21.1.6352462/toolchains/llvm/prebuilt/linux-x86_64/sysroot/usr/lib/arm-linux-androideabi/../../lib -L/home/maxime/Android/Sdk/ndk/21.1.6352462/toolchains/llvm/prebuilt/linux-x86_64/lib/gcc/arm-linux-androideabi/4.9.x/../../../../arm-linux-androideabi/lib/armv7-a/thumb -L/home/maxime/Android/Sdk/ndk/21.1.6352462/toolchains/llvm/prebuilt/linux-x86_64/sysroot/usr/lib --exclude-libs libgcc.a --exclude-libs libgcc_real.a --exclude-libs libatomic.a --build-id --fatal-warnings --exclude-libs libunwind.a --no-undefined --gc-sections CMakeFiles/cmTC_68603.dir/CMakeCCompilerABI.c.o -lgcc -ldl -lc -lgcc -ldl /home/maxime/Android/Sdk/ndk/21.1.6352462/toolchains/llvm/prebuilt/linux-x86_64/sysroot/usr/lib/arm-linux-androideabi/21/crtend_android.o
make[1]: Leaving directory '/home/maxime/Quic_Android/cargo/target/armv7-linux-androideabi/release/build/quiche-44d5cacee5d27a65/out/build/CMakeFiles/CMakeTmp'



Parsed C implicit include dir info from above output: rv=done
  found start of include info
  found start of implicit include info
    add: [/home/maxime/Android/Sdk/ndk/21.1.6352462/toolchains/llvm/prebuilt/linux-x86_64/sysroot/usr/local/include]
    add: [/home/maxime/Android/Sdk/ndk/21.1.6352462/toolchains/llvm/prebuilt/linux-x86_64/lib64/clang/9.0.8/include]
    add: [/home/maxime/Android/Sdk/ndk/21.1.6352462/toolchains/llvm/prebuilt/linux-x86_64/sysroot/usr/include/arm-linux-androideabi]
    add: [/home/maxime/Android/Sdk/ndk/21.1.6352462/toolchains/llvm/prebuilt/linux-x86_64/sysroot/usr/include]
  end of search list found
  collapse include dir [/home/maxime/Android/Sdk/ndk/21.1.6352462/toolchains/llvm/prebuilt/linux-x86_64/sysroot/usr/local/include] ==> [/home/maxime/Android/Sdk/ndk/21.1.6352462/toolchains/llvm/prebuilt/linux-x86_64/sysroot/usr/local/include]
  collapse include dir [/home/maxime/Android/Sdk/ndk/21.1.6352462/toolchains/llvm/prebuilt/linux-x86_64/lib64/clang/9.0.8/include] ==> [/home/maxime/Android/Sdk/ndk/21.1.6352462/toolchains/llvm/prebuilt/linux-x86_64/lib64/clang/9.0.8/include]
  collapse include dir [/home/maxime/Android/Sdk/ndk/21.1.6352462/toolchains/llvm/prebuilt/linux-x86_64/sysroot/usr/include/arm-linux-androideabi] ==> [/home/maxime/Android/Sdk/ndk/21.1.6352462/toolchains/llvm/prebuilt/linux-x86_64/sysroot/usr/include/arm-linux-androideabi]
  collapse include dir [/home/maxime/Android/Sdk/ndk/21.1.6352462/toolchains/llvm/prebuilt/linux-x86_64/sysroot/usr/include] ==> [/home/maxime/Android/Sdk/ndk/21.1.6352462/toolchains/llvm/prebuilt/linux-x86_64/sysroot/usr/include]
  implicit include dirs: [/home/maxime/Android/Sdk/ndk/21.1.6352462/toolchains/llvm/prebuilt/linux-x86_64/sysroot/usr/local/include;/home/maxime/Android/Sdk/ndk/21.1.6352462/toolchains/llvm/prebuilt/linux-x86_64/lib64/clang/9.0.8/include;/home/maxime/Android/Sdk/ndk/21.1.6352462/toolchains/llvm/prebuilt/linux-x86_64/sysroot/usr/include/arm-linux-androideabi;/home/maxime/Android/Sdk/ndk/21.1.6352462/toolchains/llvm/prebuilt/linux-x86_64/sysroot/usr/include]


Parsed C implicit link information from above output:
  link line regex: [^( *|.*[/\])(arm-linux-androideabi-ld|CMAKE_LINK_STARTFILE-NOTFOUND|([^/\]+-)?ld|collect2)[^/\]*( |$)]
  ignore line: [Change Dir: /home/maxime/Quic_Android/cargo/target/armv7-linux-androideabi/release/build/quiche-44d5cacee5d27a65/out/build/CMakeFiles/CMakeTmp]
  ignore line: []
  ignore line: [Run Build Command(s):/home/maxime/Quic_Android/NDK/arm/bin/make cmTC_68603/fast && /home/maxime/Quic_Android/NDK/arm/bin/make -f CMakeFiles/cmTC_68603.dir/build.make CMakeFiles/cmTC_68603.dir/build]
  ignore line: [make[1]: Entering directory '/home/maxime/Quic_Android/cargo/target/armv7-linux-androideabi/release/build/quiche-44d5cacee5d27a65/out/build/CMakeFiles/CMakeTmp']
  ignore line: [Building C object CMakeFiles/cmTC_68603.dir/CMakeCCompilerABI.c.o]
  ignore line: [/home/maxime/Android/Sdk/ndk/21.1.6352462/toolchains/llvm/prebuilt/linux-x86_64/bin/clang --target=armv7-none-linux-androideabi21 --gcc-toolchain=/home/maxime/Android/Sdk/ndk/21.1.6352462/toolchains/llvm/prebuilt/linux-x86_64 --sysroot=/home/maxime/Android/Sdk/ndk/21.1.6352462/toolchains/llvm/prebuilt/linux-x86_64/sysroot   -g -DANDROID -fdata-sections -ffunction-sections -funwind-tables -fstack-protector-strong -no-canonical-prefixes -D_FORTIFY_SOURCE=2 -march=armv7-a -mthumb -Wformat -Werror=format-security   -fPIE   -v -o CMakeFiles/cmTC_68603.dir/CMakeCCompilerABI.c.o   -c /usr/share/cmake-3.16/Modules/CMakeCCompilerABI.c]
  ignore line: [Android (6317467 based on r365631c1) clang version 9.0.8 (https://android.googlesource.com/toolchain/llvm-project e0caee08e5f09b374a27a676d04978c81fcb1928) (based on LLVM 9.0.8svn)]
  ignore line: [Target: armv7-none-linux-android21]
  ignore line: [Thread model: posix]
  ignore line: [InstalledDir: /home/maxime/Android/Sdk/ndk/21.1.6352462/toolchains/llvm/prebuilt/linux-x86_64/bin]
  ignore line: [Found candidate GCC installation: /home/maxime/Android/Sdk/ndk/21.1.6352462/toolchains/llvm/prebuilt/linux-x86_64/lib/gcc/arm-linux-androideabi/4.9.x]
  ignore line: [Selected GCC installation: /home/maxime/Android/Sdk/ndk/21.1.6352462/toolchains/llvm/prebuilt/linux-x86_64/lib/gcc/arm-linux-androideabi/4.9.x]
  ignore line: [Candidate multilib: thumb]
  ignore line: [@mthumb]
  ignore line: [Candidate multilib: armv7-a]
  ignore line: [@march=armv7-a]
  ignore line: [Candidate multilib: armv7-a/thumb]
  ignore line: [@march=armv7-a@mthumb]
  ignore line: [Candidate multilib: .]
  ignore line: []
  ignore line: [Selected multilib: armv7-a/thumb]
  ignore line: [@march=armv7-a@mthumb]
  ignore line: [ "/home/maxime/Android/Sdk/ndk/21.1.6352462/toolchains/llvm/prebuilt/linux-x86_64/bin/clang" -cc1 -triple thumbv7-none-linux-android21 -emit-obj -mrelax-all -mnoexecstack -disable-free -disable-llvm-verifier -discard-value-names -main-file-name CMakeCCompilerABI.c -mrelocation-model pic -pic-level 2 -pic-is-pie -mthread-model posix -mdisable-fp-elim -masm-verbose -mconstructor-aliases -munwind-tables -fuse-init-array -target-cpu generic -target-feature +soft-float-abi -target-feature +fpregs -target-feature +vfp2 -target-feature +vfp2d16 -target-feature +vfp2d16sp -target-feature +vfp2sp -target-feature +vfp3 -target-feature +vfp3d16 -target-feature +vfp3d16sp -target-feature +vfp3sp -target-feature -fp16 -target-feature -vfp4 -target-feature -vfp4d16 -target-feature -vfp4d16sp -target-feature -vfp4sp -target-feature -fp-armv8 -target-feature -fp-armv8d16 -target-feature -fp-armv8d16sp -target-feature -fp-armv8sp -target-feature -fullfp16 -target-feature +fp64 -target-feature +d32 -target-feature +neon -target-feature -crypto -target-feature -fp16fml -target-abi aapcs-linux -mfloat-abi soft -fallow-half-arguments-and-returns -dwarf-column-info -debug-info-kind=limited -dwarf-version=4 -debugger-tuning=gdb -v -ffunction-sections -fdata-sections -coverage-notes-file /home/maxime/Quic_Android/cargo/target/armv7-linux-androideabi/release/build/quiche-44d5cacee5d27a65/out/build/CMakeFiles/CMakeTmp/CMakeFiles/cmTC_68603.dir/CMakeCCompilerABI.c.gcno -resource-dir /home/maxime/Android/Sdk/ndk/21.1.6352462/toolchains/llvm/prebuilt/linux-x86_64/lib64/clang/9.0.8 -D ANDROID -D _FORTIFY_SOURCE=2 -isysroot /home/maxime/Android/Sdk/ndk/21.1.6352462/toolchains/llvm/prebuilt/linux-x86_64/sysroot -internal-isystem /home/maxime/Android/Sdk/ndk/21.1.6352462/toolchains/llvm/prebuilt/linux-x86_64/sysroot/usr/local/include -internal-isystem /home/maxime/Android/Sdk/ndk/21.1.6352462/toolchains/llvm/prebuilt/linux-x86_64/lib64/clang/9.0.8/include -internal-externc-isystem /home/maxime/Android/Sdk/ndk/21.1.6352462/toolchains/llvm/prebuilt/linux-x86_64/sysroot/usr/include/arm-linux-androideabi -internal-externc-isystem /home/maxime/Android/Sdk/ndk/21.1.6352462/toolchains/llvm/prebuilt/linux-x86_64/sysroot/include -internal-externc-isystem /home/maxime/Android/Sdk/ndk/21.1.6352462/toolchains/llvm/prebuilt/linux-x86_64/sysroot/usr/include -Wformat -Werror=format-security -fdebug-compilation-dir /home/maxime/Quic_Android/cargo/target/armv7-linux-androideabi/release/build/quiche-44d5cacee5d27a65/out/build/CMakeFiles/CMakeTmp -ferror-limit 19 -fmessage-length 0 -stack-protector 2 -fno-signed-char -fobjc-runtime=gcc -fdiagnostics-show-option -o CMakeFiles/cmTC_68603.dir/CMakeCCompilerABI.c.o -x c /usr/share/cmake-3.16/Modules/CMakeCCompilerABI.c]
  ignore line: [clang -cc1 version 9.0.8 based upon LLVM 9.0.8svn default target x86_64-unknown-linux-gnu]
  ignore line: [ignoring nonexistent directory "/home/maxime/Android/Sdk/ndk/21.1.6352462/toolchains/llvm/prebuilt/linux-x86_64/sysroot/include"]
  ignore line: [#include "..." search starts here:]
  ignore line: [#include <...> search starts here:]
  ignore line: [ /home/maxime/Android/Sdk/ndk/21.1.6352462/toolchains/llvm/prebuilt/linux-x86_64/sysroot/usr/local/include]
  ignore line: [ /home/maxime/Android/Sdk/ndk/21.1.6352462/toolchains/llvm/prebuilt/linux-x86_64/lib64/clang/9.0.8/include]
  ignore line: [ /home/maxime/Android/Sdk/ndk/21.1.6352462/toolchains/llvm/prebuilt/linux-x86_64/sysroot/usr/include/arm-linux-androideabi]
  ignore line: [ /home/maxime/Android/Sdk/ndk/21.1.6352462/toolchains/llvm/prebuilt/linux-x86_64/sysroot/usr/include]
  ignore line: [End of search list.]
  ignore line: [Linking C executable cmTC_68603]
  ignore line: [/usr/bin/cmake -E cmake_link_script CMakeFiles/cmTC_68603.dir/link.txt --verbose=1]
  ignore line: [/home/maxime/Android/Sdk/ndk/21.1.6352462/toolchains/llvm/prebuilt/linux-x86_64/bin/clang --target=armv7-none-linux-androideabi21 --gcc-toolchain=/home/maxime/Android/Sdk/ndk/21.1.6352462/toolchains/llvm/prebuilt/linux-x86_64 --sysroot=/home/maxime/Android/Sdk/ndk/21.1.6352462/toolchains/llvm/prebuilt/linux-x86_64/sysroot -g -DANDROID -fdata-sections -ffunction-sections -funwind-tables -fstack-protector-strong -no-canonical-prefixes -D_FORTIFY_SOURCE=2 -march=armv7-a -mthumb -Wformat -Werror=format-security    -Wl --exclude-libs libgcc.a -Wl --exclude-libs libgcc_real.a -Wl --exclude-libs libatomic.a -Wl --build-id -Wl --fatal-warnings -Wl --exclude-libs libunwind.a -Wl --no-undefined -Qunused-arguments -Wl --gc-sections  -v CMakeFiles/cmTC_68603.dir/CMakeCCompilerABI.c.o  -o cmTC_68603 ]
  ignore line: [Android (6317467 based on r365631c1) clang version 9.0.8 (https://android.googlesource.com/toolchain/llvm-project e0caee08e5f09b374a27a676d04978c81fcb1928) (based on LLVM 9.0.8svn)]
  ignore line: [Target: armv7-none-linux-android21]
  ignore line: [Thread model: posix]
  ignore line: [InstalledDir: /home/maxime/Android/Sdk/ndk/21.1.6352462/toolchains/llvm/prebuilt/linux-x86_64/bin]
  ignore line: [Found candidate GCC installation: /home/maxime/Android/Sdk/ndk/21.1.6352462/toolchains/llvm/prebuilt/linux-x86_64/lib/gcc/arm-linux-androideabi/4.9.x]
  ignore line: [Selected GCC installation: /home/maxime/Android/Sdk/ndk/21.1.6352462/toolchains/llvm/prebuilt/linux-x86_64/lib/gcc/arm-linux-androideabi/4.9.x]
  ignore line: [Candidate multilib: thumb]
  ignore line: [@mthumb]
  ignore line: [Candidate multilib: armv7-a]
  ignore line: [@march=armv7-a]
  ignore line: [Candidate multilib: armv7-a/thumb]
  ignore line: [@march=armv7-a@mthumb]
  ignore line: [Candidate multilib: .]
  ignore line: []
  ignore line: [Selected multilib: armv7-a/thumb]
  ignore line: [@march=armv7-a@mthumb]
  link line: [ "/home/maxime/Android/Sdk/ndk/21.1.6352462/toolchains/llvm/prebuilt/linux-x86_64/lib/gcc/arm-linux-androideabi/4.9.x/../../../../arm-linux-androideabi/bin/ld" --sysroot=/home/maxime/Android/Sdk/ndk/21.1.6352462/toolchains/llvm/prebuilt/linux-x86_64/sysroot -pie -z noexecstack -EL --warn-shared-textrel -z now -z relro -X --hash-style=both --enable-new-dtags --eh-frame-hdr -m armelf_linux_eabi -dynamic-linker /system/bin/linker -o cmTC_68603 /home/maxime/Android/Sdk/ndk/21.1.6352462/toolchains/llvm/prebuilt/linux-x86_64/sysroot/usr/lib/arm-linux-androideabi/21/crtbegin_dynamic.o -L/home/maxime/Android/Sdk/ndk/21.1.6352462/toolchains/llvm/prebuilt/linux-x86_64/lib64/clang/9.0.8/lib/linux/arm -L/home/maxime/Android/Sdk/ndk/21.1.6352462/toolchains/llvm/prebuilt/linux-x86_64/lib/gcc/arm-linux-androideabi/4.9.x/armv7-a/thumb -L/home/maxime/Android/Sdk/ndk/21.1.6352462/toolchains/llvm/prebuilt/linux-x86_64/lib/gcc/arm-linux-androideabi/4.9.x/../../../../arm-linux-androideabi/lib/../lib/armv7-a/thumb -L/home/maxime/Android/Sdk/ndk/21.1.6352462/toolchains/llvm/prebuilt/linux-x86_64/sysroot/usr/lib/arm-linux-androideabi/21 -L/home/maxime/Android/Sdk/ndk/21.1.6352462/toolchains/llvm/prebuilt/linux-x86_64/sysroot/usr/lib/arm-linux-androideabi -L/home/maxime/Android/Sdk/ndk/21.1.6352462/toolchains/llvm/prebuilt/linux-x86_64/sysroot/usr/lib/../lib -L/home/maxime/Android/Sdk/ndk/21.1.6352462/toolchains/llvm/prebuilt/linux-x86_64/sysroot/usr/lib/arm-linux-androideabi/../../lib -L/home/maxime/Android/Sdk/ndk/21.1.6352462/toolchains/llvm/prebuilt/linux-x86_64/lib/gcc/arm-linux-androideabi/4.9.x/../../../../arm-linux-androideabi/lib/armv7-a/thumb -L/home/maxime/Android/Sdk/ndk/21.1.6352462/toolchains/llvm/prebuilt/linux-x86_64/sysroot/usr/lib --exclude-libs libgcc.a --exclude-libs libgcc_real.a --exclude-libs libatomic.a --build-id --fatal-warnings --exclude-libs libunwind.a --no-undefined --gc-sections CMakeFiles/cmTC_68603.dir/CMakeCCompilerABI.c.o -lgcc -ldl -lc -lgcc -ldl /home/maxime/Android/Sdk/ndk/21.1.6352462/toolchains/llvm/prebuilt/linux-x86_64/sysroot/usr/lib/arm-linux-androideabi/21/crtend_android.o]
    arg [/home/maxime/Android/Sdk/ndk/21.1.6352462/toolchains/llvm/prebuilt/linux-x86_64/lib/gcc/arm-linux-androideabi/4.9.x/../../../../arm-linux-androideabi/bin/ld] ==> ignore
    arg [--sysroot=/home/maxime/Android/Sdk/ndk/21.1.6352462/toolchains/llvm/prebuilt/linux-x86_64/sysroot] ==> ignore
    arg [-pie] ==> ignore
    arg [-znoexecstack] ==> ignore
    arg [-EL] ==> ignore
    arg [--warn-shared-textrel] ==> ignore
    arg [-znow] ==> ignore
    arg [-zrelro] ==> ignore
    arg [-X] ==> ignore
    arg [--hash-style=both] ==> ignore
    arg [--enable-new-dtags] ==> ignore
    arg [--eh-frame-hdr] ==> ignore
    arg [-m] ==> ignore
    arg [armelf_linux_eabi] ==> ignore
    arg [-dynamic-linker] ==> ignore
    arg [/system/bin/linker] ==> ignore
    arg [-o] ==> ignore
    arg [cmTC_68603] ==> ignore
    arg [/home/maxime/Android/Sdk/ndk/21.1.6352462/toolchains/llvm/prebuilt/linux-x86_64/sysroot/usr/lib/arm-linux-androideabi/21/crtbegin_dynamic.o] ==> ignore
    arg [-L/home/maxime/Android/Sdk/ndk/21.1.6352462/toolchains/llvm/prebuilt/linux-x86_64/lib64/clang/9.0.8/lib/linux/arm] ==> dir [/home/maxime/Android/Sdk/ndk/21.1.6352462/toolchains/llvm/prebuilt/linux-x86_64/lib64/clang/9.0.8/lib/linux/arm]
    arg [-L/home/maxime/Android/Sdk/ndk/21.1.6352462/toolchains/llvm/prebuilt/linux-x86_64/lib/gcc/arm-linux-androideabi/4.9.x/armv7-a/thumb] ==> dir [/home/maxime/Android/Sdk/ndk/21.1.6352462/toolchains/llvm/prebuilt/linux-x86_64/lib/gcc/arm-linux-androideabi/4.9.x/armv7-a/thumb]
    arg [-L/home/maxime/Android/Sdk/ndk/21.1.6352462/toolchains/llvm/prebuilt/linux-x86_64/lib/gcc/arm-linux-androideabi/4.9.x/../../../../arm-linux-androideabi/lib/../lib/armv7-a/thumb] ==> dir [/home/maxime/Android/Sdk/ndk/21.1.6352462/toolchains/llvm/prebuilt/linux-x86_64/lib/gcc/arm-linux-androideabi/4.9.x/../../../../arm-linux-androideabi/lib/../lib/armv7-a/thumb]
    arg [-L/home/maxime/Android/Sdk/ndk/21.1.6352462/toolchains/llvm/prebuilt/linux-x86_64/sysroot/usr/lib/arm-linux-androideabi/21] ==> dir [/home/maxime/Android/Sdk/ndk/21.1.6352462/toolchains/llvm/prebuilt/linux-x86_64/sysroot/usr/lib/arm-linux-androideabi/21]
    arg [-L/home/maxime/Android/Sdk/ndk/21.1.6352462/toolchains/llvm/prebuilt/linux-x86_64/sysroot/usr/lib/arm-linux-androideabi] ==> dir [/home/maxime/Android/Sdk/ndk/21.1.6352462/toolchains/llvm/prebuilt/linux-x86_64/sysroot/usr/lib/arm-linux-androideabi]
    arg [-L/home/maxime/Android/Sdk/ndk/21.1.6352462/toolchains/llvm/prebuilt/linux-x86_64/sysroot/usr/lib/../lib] ==> dir [/home/maxime/Android/Sdk/ndk/21.1.6352462/toolchains/llvm/prebuilt/linux-x86_64/sysroot/usr/lib/../lib]
    arg [-L/home/maxime/Android/Sdk/ndk/21.1.6352462/toolchains/llvm/prebuilt/linux-x86_64/sysroot/usr/lib/arm-linux-androideabi/../../lib] ==> dir [/home/maxime/Android/Sdk/ndk/21.1.6352462/toolchains/llvm/prebuilt/linux-x86_64/sysroot/usr/lib/arm-linux-androideabi/../../lib]
    arg [-L/home/maxime/Android/Sdk/ndk/21.1.6352462/toolchains/llvm/prebuilt/linux-x86_64/lib/gcc/arm-linux-androideabi/4.9.x/../../../../arm-linux-androideabi/lib/armv7-a/thumb] ==> dir [/home/maxime/Android/Sdk/ndk/21.1.6352462/toolchains/llvm/prebuilt/linux-x86_64/lib/gcc/arm-linux-androideabi/4.9.x/../../../../arm-linux-androideabi/lib/armv7-a/thumb]
    arg [-L/home/maxime/Android/Sdk/ndk/21.1.6352462/toolchains/llvm/prebuilt/linux-x86_64/sysroot/usr/lib] ==> dir [/home/maxime/Android/Sdk/ndk/21.1.6352462/toolchains/llvm/prebuilt/linux-x86_64/sysroot/usr/lib]
    arg [--exclude-libs] ==> ignore
    arg [libgcc.a] ==> ignore
    arg [--exclude-libs] ==> ignore
    arg [libgcc_real.a] ==> ignore
    arg [--exclude-libs] ==> ignore
    arg [libatomic.a] ==> ignore
    arg [--build-id] ==> ignore
    arg [--fatal-warnings] ==> ignore
    arg [--exclude-libs] ==> ignore
    arg [libunwind.a] ==> ignore
    arg [--no-undefined] ==> ignore
    arg [--gc-sections] ==> ignore
    arg [CMakeFiles/cmTC_68603.dir/CMakeCCompilerABI.c.o] ==> ignore
    arg [-lgcc] ==> lib [gcc]
    arg [-ldl] ==> lib [dl]
    arg [-lc] ==> lib [c]
    arg [-lgcc] ==> lib [gcc]
    arg [-ldl] ==> lib [dl]
    arg [/home/maxime/Android/Sdk/ndk/21.1.6352462/toolchains/llvm/prebuilt/linux-x86_64/sysroot/usr/lib/arm-linux-androideabi/21/crtend_android.o] ==> ignore
  collapse library dir [/home/maxime/Android/Sdk/ndk/21.1.6352462/toolchains/llvm/prebuilt/linux-x86_64/lib64/clang/9.0.8/lib/linux/arm] ==> [/home/maxime/Android/Sdk/ndk/21.1.6352462/toolchains/llvm/prebuilt/linux-x86_64/lib64/clang/9.0.8/lib/linux/arm]
  collapse library dir [/home/maxime/Android/Sdk/ndk/21.1.6352462/toolchains/llvm/prebuilt/linux-x86_64/lib/gcc/arm-linux-androideabi/4.9.x/armv7-a/thumb] ==> [/home/maxime/Android/Sdk/ndk/21.1.6352462/toolchains/llvm/prebuilt/linux-x86_64/lib/gcc/arm-linux-androideabi/4.9.x/armv7-a/thumb]
  collapse library dir [/home/maxime/Android/Sdk/ndk/21.1.6352462/toolchains/llvm/prebuilt/linux-x86_64/lib/gcc/arm-linux-androideabi/4.9.x/../../../../arm-linux-androideabi/lib/../lib/armv7-a/thumb] ==> [/home/maxime/Android/Sdk/ndk/21.1.6352462/toolchains/llvm/prebuilt/linux-x86_64/arm-linux-androideabi/lib/armv7-a/thumb]
  collapse library dir [/home/maxime/Android/Sdk/ndk/21.1.6352462/toolchains/llvm/prebuilt/linux-x86_64/sysroot/usr/lib/arm-linux-androideabi/21] ==> [/home/maxime/Android/Sdk/ndk/21.1.6352462/toolchains/llvm/prebuilt/linux-x86_64/sysroot/usr/lib/arm-linux-androideabi/21]
  collapse library dir [/home/maxime/Android/Sdk/ndk/21.1.6352462/toolchains/llvm/prebuilt/linux-x86_64/sysroot/usr/lib/arm-linux-androideabi] ==> [/home/maxime/Android/Sdk/ndk/21.1.6352462/toolchains/llvm/prebuilt/linux-x86_64/sysroot/usr/lib/arm-linux-androideabi]
  collapse library dir [/home/maxime/Android/Sdk/ndk/21.1.6352462/toolchains/llvm/prebuilt/linux-x86_64/sysroot/usr/lib/../lib] ==> [/home/maxime/Android/Sdk/ndk/21.1.6352462/toolchains/llvm/prebuilt/linux-x86_64/sysroot/usr/lib]
  collapse library dir [/home/maxime/Android/Sdk/ndk/21.1.6352462/toolchains/llvm/prebuilt/linux-x86_64/sysroot/usr/lib/arm-linux-androideabi/../../lib] ==> [/home/maxime/Android/Sdk/ndk/21.1.6352462/toolchains/llvm/prebuilt/linux-x86_64/sysroot/usr/lib]
  collapse library dir [/home/maxime/Android/Sdk/ndk/21.1.6352462/toolchains/llvm/prebuilt/linux-x86_64/lib/gcc/arm-linux-androideabi/4.9.x/../../../../arm-linux-androideabi/lib/armv7-a/thumb] ==> [/home/maxime/Android/Sdk/ndk/21.1.6352462/toolchains/llvm/prebuilt/linux-x86_64/arm-linux-androideabi/lib/armv7-a/thumb]
  collapse library dir [/home/maxime/Android/Sdk/ndk/21.1.6352462/toolchains/llvm/prebuilt/linux-x86_64/sysroot/usr/lib] ==> [/home/maxime/Android/Sdk/ndk/21.1.6352462/toolchains/llvm/prebuilt/linux-x86_64/sysroot/usr/lib]
  implicit libs: [gcc;dl;c;gcc;dl]
  implicit dirs: [/home/maxime/Android/Sdk/ndk/21.1.6352462/toolchains/llvm/prebuilt/linux-x86_64/lib64/clang/9.0.8/lib/linux/arm;/home/maxime/Android/Sdk/ndk/21.1.6352462/toolchains/llvm/prebuilt/linux-x86_64/lib/gcc/arm-linux-androideabi/4.9.x/armv7-a/thumb;/home/maxime/Android/Sdk/ndk/21.1.6352462/toolchains/llvm/prebuilt/linux-x86_64/arm-linux-androideabi/lib/armv7-a/thumb;/home/maxime/Android/Sdk/ndk/21.1.6352462/toolchains/llvm/prebuilt/linux-x86_64/sysroot/usr/lib/arm-linux-androideabi/21;/home/maxime/Android/Sdk/ndk/21.1.6352462/toolchains/llvm/prebuilt/linux-x86_64/sysroot/usr/lib/arm-linux-androideabi;/home/maxime/Android/Sdk/ndk/21.1.6352462/toolchains/llvm/prebuilt/linux-x86_64/sysroot/usr/lib]
  implicit fwks: []


Determining if the CXX compiler works passed with the following output:
Change Dir: /home/maxime/Quic_Android/cargo/target/armv7-linux-androideabi/release/build/quiche-44d5cacee5d27a65/out/build/CMakeFiles/CMakeTmp

Run Build Command(s):/home/maxime/Quic_Android/NDK/arm/bin/make cmTC_26402/fast && /home/maxime/Quic_Android/NDK/arm/bin/make -f CMakeFiles/cmTC_26402.dir/build.make CMakeFiles/cmTC_26402.dir/build
make[1]: Entering directory '/home/maxime/Quic_Android/cargo/target/armv7-linux-androideabi/release/build/quiche-44d5cacee5d27a65/out/build/CMakeFiles/CMakeTmp'
Building CXX object CMakeFiles/cmTC_26402.dir/testCXXCompiler.cxx.o
/home/maxime/Android/Sdk/ndk/21.1.6352462/toolchains/llvm/prebuilt/linux-x86_64/bin/clang++ --target=armv7-none-linux-androideabi21 --gcc-toolchain=/home/maxime/Android/Sdk/ndk/21.1.6352462/toolchains/llvm/prebuilt/linux-x86_64 --sysroot=/home/maxime/Android/Sdk/ndk/21.1.6352462/toolchains/llvm/prebuilt/linux-x86_64/sysroot    -g -DANDROID -fdata-sections -ffunction-sections -funwind-tables -fstack-protector-strong -no-canonical-prefixes -D_FORTIFY_SOURCE=2 -march=armv7-a -mthumb -Wformat -Werror=format-security    -fPIE   -o CMakeFiles/cmTC_26402.dir/testCXXCompiler.cxx.o -c /home/maxime/Quic_Android/cargo/target/armv7-linux-androideabi/release/build/quiche-44d5cacee5d27a65/out/build/CMakeFiles/CMakeTmp/testCXXCompiler.cxx
Linking CXX executable cmTC_26402
/usr/bin/cmake -E cmake_link_script CMakeFiles/cmTC_26402.dir/link.txt --verbose=1
/home/maxime/Android/Sdk/ndk/21.1.6352462/toolchains/llvm/prebuilt/linux-x86_64/bin/clang++ --target=armv7-none-linux-androideabi21 --gcc-toolchain=/home/maxime/Android/Sdk/ndk/21.1.6352462/toolchains/llvm/prebuilt/linux-x86_64 --sysroot=/home/maxime/Android/Sdk/ndk/21.1.6352462/toolchains/llvm/prebuilt/linux-x86_64/sysroot  -g -DANDROID -fdata-sections -ffunction-sections -funwind-tables -fstack-protector-strong -no-canonical-prefixes -D_FORTIFY_SOURCE=2 -march=armv7-a -mthumb -Wformat -Werror=format-security     -Wl,--exclude-libs,libgcc.a -Wl,--exclude-libs,libgcc_real.a -Wl,--exclude-libs,libatomic.a -Wl,--build-id -Wl,--fatal-warnings -Wl,--exclude-libs,libunwind.a -Wl,--no-undefined -Qunused-arguments -Wl,--gc-sections   CMakeFiles/cmTC_26402.dir/testCXXCompiler.cxx.o  -o cmTC_26402  -latomic -lm 
make[1]: Leaving directory '/home/maxime/Quic_Android/cargo/target/armv7-linux-androideabi/release/build/quiche-44d5cacee5d27a65/out/build/CMakeFiles/CMakeTmp'



Detecting CXX compiler ABI info compiled with the following output:
Change Dir: /home/maxime/Quic_Android/cargo/target/armv7-linux-androideabi/release/build/quiche-44d5cacee5d27a65/out/build/CMakeFiles/CMakeTmp

Run Build Command(s):/home/maxime/Quic_Android/NDK/arm/bin/make cmTC_25bb9/fast && /home/maxime/Quic_Android/NDK/arm/bin/make -f CMakeFiles/cmTC_25bb9.dir/build.make CMakeFiles/cmTC_25bb9.dir/build
make[1]: Entering directory '/home/maxime/Quic_Android/cargo/target/armv7-linux-androideabi/release/build/quiche-44d5cacee5d27a65/out/build/CMakeFiles/CMakeTmp'
Building CXX object CMakeFiles/cmTC_25bb9.dir/CMakeCXXCompilerABI.cpp.o
/home/maxime/Android/Sdk/ndk/21.1.6352462/toolchains/llvm/prebuilt/linux-x86_64/bin/clang++ --target=armv7-none-linux-androideabi21 --gcc-toolchain=/home/maxime/Android/Sdk/ndk/21.1.6352462/toolchains/llvm/prebuilt/linux-x86_64 --sysroot=/home/maxime/Android/Sdk/ndk/21.1.6352462/toolchains/llvm/prebuilt/linux-x86_64/sysroot    -g -DANDROID -fdata-sections -ffunction-sections -funwind-tables -fstack-protector-strong -no-canonical-prefixes -D_FORTIFY_SOURCE=2 -march=armv7-a -mthumb -Wformat -Werror=format-security    -fPIE   -v -o CMakeFiles/cmTC_25bb9.dir/CMakeCXXCompilerABI.cpp.o -c /usr/share/cmake-3.16/Modules/CMakeCXXCompilerABI.cpp
Android (6317467 based on r365631c1) clang version 9.0.8 (https://android.googlesource.com/toolchain/llvm-project e0caee08e5f09b374a27a676d04978c81fcb1928) (based on LLVM 9.0.8svn)
Target: armv7-none-linux-android21
Thread model: posix
InstalledDir: /home/maxime/Android/Sdk/ndk/21.1.6352462/toolchains/llvm/prebuilt/linux-x86_64/bin
Found candidate GCC installation: /home/maxime/Android/Sdk/ndk/21.1.6352462/toolchains/llvm/prebuilt/linux-x86_64/lib/gcc/arm-linux-androideabi/4.9.x
Selected GCC installation: /home/maxime/Android/Sdk/ndk/21.1.6352462/toolchains/llvm/prebuilt/linux-x86_64/lib/gcc/arm-linux-androideabi/4.9.x
Candidate multilib: thumb;@mthumb
Candidate multilib: armv7-a;@march=armv7-a
Candidate multilib: armv7-a/thumb;@march=armv7-a@mthumb
Candidate multilib: .;
Selected multilib: armv7-a/thumb;@march=armv7-a@mthumb
 "/home/maxime/Android/Sdk/ndk/21.1.6352462/toolchains/llvm/prebuilt/linux-x86_64/bin/clang++" -cc1 -triple thumbv7-none-linux-android21 -emit-obj -mrelax-all -mnoexecstack -disable-free -disable-llvm-verifier -discard-value-names -main-file-name CMakeCXXCompilerABI.cpp -mrelocation-model pic -pic-level 2 -pic-is-pie -mthread-model posix -mdisable-fp-elim -masm-verbose -mconstructor-aliases -munwind-tables -fuse-init-array -target-cpu generic -target-feature +soft-float-abi -target-feature +fpregs -target-feature +vfp2 -target-feature +vfp2d16 -target-feature +vfp2d16sp -target-feature +vfp2sp -target-feature +vfp3 -target-feature +vfp3d16 -target-feature +vfp3d16sp -target-feature +vfp3sp -target-feature -fp16 -target-feature -vfp4 -target-feature -vfp4d16 -target-feature -vfp4d16sp -target-feature -vfp4sp -target-feature -fp-armv8 -target-feature -fp-armv8d16 -target-feature -fp-armv8d16sp -target-feature -fp-armv8sp -target-feature -fullfp16 -target-feature +fp64 -target-feature +d32 -target-feature +neon -target-feature -crypto -target-feature -fp16fml -target-abi aapcs-linux -mfloat-abi soft -fallow-half-arguments-and-returns -dwarf-column-info -debug-info-kind=limited -dwarf-version=4 -debugger-tuning=gdb -v -ffunction-sections -fdata-sections -coverage-notes-file /home/maxime/Quic_Android/cargo/target/armv7-linux-androideabi/release/build/quiche-44d5cacee5d27a65/out/build/CMakeFiles/CMakeTmp/CMakeFiles/cmTC_25bb9.dir/CMakeCXXCompilerABI.cpp.gcno -resource-dir /home/maxime/Android/Sdk/ndk/21.1.6352462/toolchains/llvm/prebuilt/linux-x86_64/lib64/clang/9.0.8 -D ANDROID -D _FORTIFY_SOURCE=2 -isysroot /home/maxime/Android/Sdk/ndk/21.1.6352462/toolchains/llvm/prebuilt/linux-x86_64/sysroot -internal-isystem /home/maxime/Android/Sdk/ndk/21.1.6352462/toolchains/llvm/prebuilt/linux-x86_64/sysroot/usr/include/c++/v1 -internal-isystem /home/maxime/Android/Sdk/ndk/21.1.6352462/toolchains/llvm/prebuilt/linux-x86_64/sysroot/usr/local/include -internal-isystem /home/maxime/Android/Sdk/ndk/21.1.6352462/toolchains/llvm/prebuilt/linux-x86_64/lib64/clang/9.0.8/include -internal-externc-isystem /home/maxime/Android/Sdk/ndk/21.1.6352462/toolchains/llvm/prebuilt/linux-x86_64/sysroot/usr/include/arm-linux-androideabi -internal-externc-isystem /home/maxime/Android/Sdk/ndk/21.1.6352462/toolchains/llvm/prebuilt/linux-x86_64/sysroot/include -internal-externc-isystem /home/maxime/Android/Sdk/ndk/21.1.6352462/toolchains/llvm/prebuilt/linux-x86_64/sysroot/usr/include -Wformat -Werror=format-security -fdeprecated-macro -fdebug-compilation-dir /home/maxime/Quic_Android/cargo/target/armv7-linux-androideabi/release/build/quiche-44d5cacee5d27a65/out/build/CMakeFiles/CMakeTmp -ferror-limit 19 -fmessage-length 0 -stack-protector 2 -fno-signed-char -fobjc-runtime=gcc -fcxx-exceptions -fexceptions -fdiagnostics-show-option -o CMakeFiles/cmTC_25bb9.dir/CMakeCXXCompilerABI.cpp.o -x c++ /usr/share/cmake-3.16/Modules/CMakeCXXCompilerABI.cpp
clang -cc1 version 9.0.8 based upon LLVM 9.0.8svn default target x86_64-unknown-linux-gnu
ignoring nonexistent directory "/home/maxime/Android/Sdk/ndk/21.1.6352462/toolchains/llvm/prebuilt/linux-x86_64/sysroot/include"
#include "..." search starts here:
#include <...> search starts here:
 /home/maxime/Android/Sdk/ndk/21.1.6352462/toolchains/llvm/prebuilt/linux-x86_64/sysroot/usr/include/c++/v1
 /home/maxime/Android/Sdk/ndk/21.1.6352462/toolchains/llvm/prebuilt/linux-x86_64/sysroot/usr/local/include
 /home/maxime/Android/Sdk/ndk/21.1.6352462/toolchains/llvm/prebuilt/linux-x86_64/lib64/clang/9.0.8/include
 /home/maxime/Android/Sdk/ndk/21.1.6352462/toolchains/llvm/prebuilt/linux-x86_64/sysroot/usr/include/arm-linux-androideabi
 /home/maxime/Android/Sdk/ndk/21.1.6352462/toolchains/llvm/prebuilt/linux-x86_64/sysroot/usr/include
End of search list.
Linking CXX executable cmTC_25bb9
/usr/bin/cmake -E cmake_link_script CMakeFiles/cmTC_25bb9.dir/link.txt --verbose=1
/home/maxime/Android/Sdk/ndk/21.1.6352462/toolchains/llvm/prebuilt/linux-x86_64/bin/clang++ --target=armv7-none-linux-androideabi21 --gcc-toolchain=/home/maxime/Android/Sdk/ndk/21.1.6352462/toolchains/llvm/prebuilt/linux-x86_64 --sysroot=/home/maxime/Android/Sdk/ndk/21.1.6352462/toolchains/llvm/prebuilt/linux-x86_64/sysroot  -g -DANDROID -fdata-sections -ffunction-sections -funwind-tables -fstack-protector-strong -no-canonical-prefixes -D_FORTIFY_SOURCE=2 -march=armv7-a -mthumb -Wformat -Werror=format-security     -Wl,--exclude-libs,libgcc.a -Wl,--exclude-libs,libgcc_real.a -Wl,--exclude-libs,libatomic.a -Wl,--build-id -Wl,--fatal-warnings -Wl,--exclude-libs,libunwind.a -Wl,--no-undefined -Qunused-arguments -Wl,--gc-sections  -v CMakeFiles/cmTC_25bb9.dir/CMakeCXXCompilerABI.cpp.o  -o cmTC_25bb9 
Android (6317467 based on r365631c1) clang version 9.0.8 (https://android.googlesource.com/toolchain/llvm-project e0caee08e5f09b374a27a676d04978c81fcb1928) (based on LLVM 9.0.8svn)
Target: armv7-none-linux-android21
Thread model: posix
InstalledDir: /home/maxime/Android/Sdk/ndk/21.1.6352462/toolchains/llvm/prebuilt/linux-x86_64/bin
Found candidate GCC installation: /home/maxime/Android/Sdk/ndk/21.1.6352462/toolchains/llvm/prebuilt/linux-x86_64/lib/gcc/arm-linux-androideabi/4.9.x
Selected GCC installation: /home/maxime/Android/Sdk/ndk/21.1.6352462/toolchains/llvm/prebuilt/linux-x86_64/lib/gcc/arm-linux-androideabi/4.9.x
Candidate multilib: thumb;@mthumb
Candidate multilib: armv7-a;@march=armv7-a
Candidate multilib: armv7-a/thumb;@march=armv7-a@mthumb
Candidate multilib: .;
Selected multilib: armv7-a/thumb;@march=armv7-a@mthumb
 "/home/maxime/Android/Sdk/ndk/21.1.6352462/toolchains/llvm/prebuilt/linux-x86_64/lib/gcc/arm-linux-androideabi/4.9.x/../../../../arm-linux-androideabi/bin/ld" --sysroot=/home/maxime/Android/Sdk/ndk/21.1.6352462/toolchains/llvm/prebuilt/linux-x86_64/sysroot -pie -z noexecstack -EL --warn-shared-textrel -z now -z relro -X --hash-style=both --enable-new-dtags --eh-frame-hdr -m armelf_linux_eabi -dynamic-linker /system/bin/linker -o cmTC_25bb9 /home/maxime/Android/Sdk/ndk/21.1.6352462/toolchains/llvm/prebuilt/linux-x86_64/sysroot/usr/lib/arm-linux-androideabi/21/crtbegin_dynamic.o -L/home/maxime/Android/Sdk/ndk/21.1.6352462/toolchains/llvm/prebuilt/linux-x86_64/lib64/clang/9.0.8/lib/linux/arm -L/home/maxime/Android/Sdk/ndk/21.1.6352462/toolchains/llvm/prebuilt/linux-x86_64/lib/gcc/arm-linux-androideabi/4.9.x/armv7-a/thumb -L/home/maxime/Android/Sdk/ndk/21.1.6352462/toolchains/llvm/prebuilt/linux-x86_64/lib/gcc/arm-linux-androideabi/4.9.x/../../../../arm-linux-androideabi/lib/../lib/armv7-a/thumb -L/home/maxime/Android/Sdk/ndk/21.1.6352462/toolchains/llvm/prebuilt/linux-x86_64/sysroot/usr/lib/arm-linux-androideabi/21 -L/home/maxime/Android/Sdk/ndk/21.1.6352462/toolchains/llvm/prebuilt/linux-x86_64/sysroot/usr/lib/arm-linux-androideabi -L/home/maxime/Android/Sdk/ndk/21.1.6352462/toolchains/llvm/prebuilt/linux-x86_64/sysroot/usr/lib/../lib -L/home/maxime/Android/Sdk/ndk/21.1.6352462/toolchains/llvm/prebuilt/linux-x86_64/sysroot/usr/lib/arm-linux-androideabi/../../lib -L/home/maxime/Android/Sdk/ndk/21.1.6352462/toolchains/llvm/prebuilt/linux-x86_64/lib/gcc/arm-linux-androideabi/4.9.x/../../../../arm-linux-androideabi/lib/armv7-a/thumb -L/home/maxime/Android/Sdk/ndk/21.1.6352462/toolchains/llvm/prebuilt/linux-x86_64/sysroot/usr/lib --exclude-libs libgcc.a --exclude-libs libgcc_real.a --exclude-libs libatomic.a --build-id --fatal-warnings --exclude-libs libunwind.a --no-undefined --gc-sections CMakeFiles/cmTC_25bb9.dir/CMakeCXXCompilerABI.cpp.o -lc++ -lm -lgcc -ldl -lc -lgcc -ldl /home/maxime/Android/Sdk/ndk/21.1.6352462/toolchains/llvm/prebuilt/linux-x86_64/sysroot/usr/lib/arm-linux-androideabi/21/crtend_android.o
make[1]: Leaving directory '/home/maxime/Quic_Android/cargo/target/armv7-linux-androideabi/release/build/quiche-44d5cacee5d27a65/out/build/CMakeFiles/CMakeTmp'



Parsed CXX implicit include dir info from above output: rv=done
  found start of include info
  found start of implicit include info
    add: [/home/maxime/Android/Sdk/ndk/21.1.6352462/toolchains/llvm/prebuilt/linux-x86_64/sysroot/usr/include/c++/v1]
    add: [/home/maxime/Android/Sdk/ndk/21.1.6352462/toolchains/llvm/prebuilt/linux-x86_64/sysroot/usr/local/include]
    add: [/home/maxime/Android/Sdk/ndk/21.1.6352462/toolchains/llvm/prebuilt/linux-x86_64/lib64/clang/9.0.8/include]
    add: [/home/maxime/Android/Sdk/ndk/21.1.6352462/toolchains/llvm/prebuilt/linux-x86_64/sysroot/usr/include/arm-linux-androideabi]
    add: [/home/maxime/Android/Sdk/ndk/21.1.6352462/toolchains/llvm/prebuilt/linux-x86_64/sysroot/usr/include]
  end of search list found
  collapse include dir [/home/maxime/Android/Sdk/ndk/21.1.6352462/toolchains/llvm/prebuilt/linux-x86_64/sysroot/usr/include/c++/v1] ==> [/home/maxime/Android/Sdk/ndk/21.1.6352462/toolchains/llvm/prebuilt/linux-x86_64/sysroot/usr/include/c++/v1]
  collapse include dir [/home/maxime/Android/Sdk/ndk/21.1.6352462/toolchains/llvm/prebuilt/linux-x86_64/sysroot/usr/local/include] ==> [/home/maxime/Android/Sdk/ndk/21.1.6352462/toolchains/llvm/prebuilt/linux-x86_64/sysroot/usr/local/include]
  collapse include dir [/home/maxime/Android/Sdk/ndk/21.1.6352462/toolchains/llvm/prebuilt/linux-x86_64/lib64/clang/9.0.8/include] ==> [/home/maxime/Android/Sdk/ndk/21.1.6352462/toolchains/llvm/prebuilt/linux-x86_64/lib64/clang/9.0.8/include]
  collapse include dir [/home/maxime/Android/Sdk/ndk/21.1.6352462/toolchains/llvm/prebuilt/linux-x86_64/sysroot/usr/include/arm-linux-androideabi] ==> [/home/maxime/Android/Sdk/ndk/21.1.6352462/toolchains/llvm/prebuilt/linux-x86_64/sysroot/usr/include/arm-linux-androideabi]
  collapse include dir [/home/maxime/Android/Sdk/ndk/21.1.6352462/toolchains/llvm/prebuilt/linux-x86_64/sysroot/usr/include] ==> [/home/maxime/Android/Sdk/ndk/21.1.6352462/toolchains/llvm/prebuilt/linux-x86_64/sysroot/usr/include]
  implicit include dirs: [/home/maxime/Android/Sdk/ndk/21.1.6352462/toolchains/llvm/prebuilt/linux-x86_64/sysroot/usr/include/c++/v1;/home/maxime/Android/Sdk/ndk/21.1.6352462/toolchains/llvm/prebuilt/linux-x86_64/sysroot/usr/local/include;/home/maxime/Android/Sdk/ndk/21.1.6352462/toolchains/llvm/prebuilt/linux-x86_64/lib64/clang/9.0.8/include;/home/maxime/Android/Sdk/ndk/21.1.6352462/toolchains/llvm/prebuilt/linux-x86_64/sysroot/usr/include/arm-linux-androideabi;/home/maxime/Android/Sdk/ndk/21.1.6352462/toolchains/llvm/prebuilt/linux-x86_64/sysroot/usr/include]


Parsed CXX implicit link information from above output:
  link line regex: [^( *|.*[/\])(arm-linux-androideabi-ld|CMAKE_LINK_STARTFILE-NOTFOUND|([^/\]+-)?ld|collect2)[^/\]*( |$)]
  ignore line: [Change Dir: /home/maxime/Quic_Android/cargo/target/armv7-linux-androideabi/release/build/quiche-44d5cacee5d27a65/out/build/CMakeFiles/CMakeTmp]
  ignore line: []
  ignore line: [Run Build Command(s):/home/maxime/Quic_Android/NDK/arm/bin/make cmTC_25bb9/fast && /home/maxime/Quic_Android/NDK/arm/bin/make -f CMakeFiles/cmTC_25bb9.dir/build.make CMakeFiles/cmTC_25bb9.dir/build]
  ignore line: [make[1]: Entering directory '/home/maxime/Quic_Android/cargo/target/armv7-linux-androideabi/release/build/quiche-44d5cacee5d27a65/out/build/CMakeFiles/CMakeTmp']
  ignore line: [Building CXX object CMakeFiles/cmTC_25bb9.dir/CMakeCXXCompilerABI.cpp.o]
  ignore line: [/home/maxime/Android/Sdk/ndk/21.1.6352462/toolchains/llvm/prebuilt/linux-x86_64/bin/clang++ --target=armv7-none-linux-androideabi21 --gcc-toolchain=/home/maxime/Android/Sdk/ndk/21.1.6352462/toolchains/llvm/prebuilt/linux-x86_64 --sysroot=/home/maxime/Android/Sdk/ndk/21.1.6352462/toolchains/llvm/prebuilt/linux-x86_64/sysroot    -g -DANDROID -fdata-sections -ffunction-sections -funwind-tables -fstack-protector-strong -no-canonical-prefixes -D_FORTIFY_SOURCE=2 -march=armv7-a -mthumb -Wformat -Werror=format-security    -fPIE   -v -o CMakeFiles/cmTC_25bb9.dir/CMakeCXXCompilerABI.cpp.o -c /usr/share/cmake-3.16/Modules/CMakeCXXCompilerABI.cpp]
  ignore line: [Android (6317467 based on r365631c1) clang version 9.0.8 (https://android.googlesource.com/toolchain/llvm-project e0caee08e5f09b374a27a676d04978c81fcb1928) (based on LLVM 9.0.8svn)]
  ignore line: [Target: armv7-none-linux-android21]
  ignore line: [Thread model: posix]
  ignore line: [InstalledDir: /home/maxime/Android/Sdk/ndk/21.1.6352462/toolchains/llvm/prebuilt/linux-x86_64/bin]
  ignore line: [Found candidate GCC installation: /home/maxime/Android/Sdk/ndk/21.1.6352462/toolchains/llvm/prebuilt/linux-x86_64/lib/gcc/arm-linux-androideabi/4.9.x]
  ignore line: [Selected GCC installation: /home/maxime/Android/Sdk/ndk/21.1.6352462/toolchains/llvm/prebuilt/linux-x86_64/lib/gcc/arm-linux-androideabi/4.9.x]
  ignore line: [Candidate multilib: thumb]
  ignore line: [@mthumb]
  ignore line: [Candidate multilib: armv7-a]
  ignore line: [@march=armv7-a]
  ignore line: [Candidate multilib: armv7-a/thumb]
  ignore line: [@march=armv7-a@mthumb]
  ignore line: [Candidate multilib: .]
  ignore line: []
  ignore line: [Selected multilib: armv7-a/thumb]
  ignore line: [@march=armv7-a@mthumb]
  ignore line: [ "/home/maxime/Android/Sdk/ndk/21.1.6352462/toolchains/llvm/prebuilt/linux-x86_64/bin/clang++" -cc1 -triple thumbv7-none-linux-android21 -emit-obj -mrelax-all -mnoexecstack -disable-free -disable-llvm-verifier -discard-value-names -main-file-name CMakeCXXCompilerABI.cpp -mrelocation-model pic -pic-level 2 -pic-is-pie -mthread-model posix -mdisable-fp-elim -masm-verbose -mconstructor-aliases -munwind-tables -fuse-init-array -target-cpu generic -target-feature +soft-float-abi -target-feature +fpregs -target-feature +vfp2 -target-feature +vfp2d16 -target-feature +vfp2d16sp -target-feature +vfp2sp -target-feature +vfp3 -target-feature +vfp3d16 -target-feature +vfp3d16sp -target-feature +vfp3sp -target-feature -fp16 -target-feature -vfp4 -target-feature -vfp4d16 -target-feature -vfp4d16sp -target-feature -vfp4sp -target-feature -fp-armv8 -target-feature -fp-armv8d16 -target-feature -fp-armv8d16sp -target-feature -fp-armv8sp -target-feature -fullfp16 -target-feature +fp64 -target-feature +d32 -target-feature +neon -target-feature -crypto -target-feature -fp16fml -target-abi aapcs-linux -mfloat-abi soft -fallow-half-arguments-and-returns -dwarf-column-info -debug-info-kind=limited -dwarf-version=4 -debugger-tuning=gdb -v -ffunction-sections -fdata-sections -coverage-notes-file /home/maxime/Quic_Android/cargo/target/armv7-linux-androideabi/release/build/quiche-44d5cacee5d27a65/out/build/CMakeFiles/CMakeTmp/CMakeFiles/cmTC_25bb9.dir/CMakeCXXCompilerABI.cpp.gcno -resource-dir /home/maxime/Android/Sdk/ndk/21.1.6352462/toolchains/llvm/prebuilt/linux-x86_64/lib64/clang/9.0.8 -D ANDROID -D _FORTIFY_SOURCE=2 -isysroot /home/maxime/Android/Sdk/ndk/21.1.6352462/toolchains/llvm/prebuilt/linux-x86_64/sysroot -internal-isystem /home/maxime/Android/Sdk/ndk/21.1.6352462/toolchains/llvm/prebuilt/linux-x86_64/sysroot/usr/include/c++/v1 -internal-isystem /home/maxime/Android/Sdk/ndk/21.1.6352462/toolchains/llvm/prebuilt/linux-x86_64/sysroot/usr/local/include -internal-isystem /home/maxime/Android/Sdk/ndk/21.1.6352462/toolchains/llvm/prebuilt/linux-x86_64/lib64/clang/9.0.8/include -internal-externc-isystem /home/maxime/Android/Sdk/ndk/21.1.6352462/toolchains/llvm/prebuilt/linux-x86_64/sysroot/usr/include/arm-linux-androideabi -internal-externc-isystem /home/maxime/Android/Sdk/ndk/21.1.6352462/toolchains/llvm/prebuilt/linux-x86_64/sysroot/include -internal-externc-isystem /home/maxime/Android/Sdk/ndk/21.1.6352462/toolchains/llvm/prebuilt/linux-x86_64/sysroot/usr/include -Wformat -Werror=format-security -fdeprecated-macro -fdebug-compilation-dir /home/maxime/Quic_Android/cargo/target/armv7-linux-androideabi/release/build/quiche-44d5cacee5d27a65/out/build/CMakeFiles/CMakeTmp -ferror-limit 19 -fmessage-length 0 -stack-protector 2 -fno-signed-char -fobjc-runtime=gcc -fcxx-exceptions -fexceptions -fdiagnostics-show-option -o CMakeFiles/cmTC_25bb9.dir/CMakeCXXCompilerABI.cpp.o -x c++ /usr/share/cmake-3.16/Modules/CMakeCXXCompilerABI.cpp]
  ignore line: [clang -cc1 version 9.0.8 based upon LLVM 9.0.8svn default target x86_64-unknown-linux-gnu]
  ignore line: [ignoring nonexistent directory "/home/maxime/Android/Sdk/ndk/21.1.6352462/toolchains/llvm/prebuilt/linux-x86_64/sysroot/include"]
  ignore line: [#include "..." search starts here:]
  ignore line: [#include <...> search starts here:]
  ignore line: [ /home/maxime/Android/Sdk/ndk/21.1.6352462/toolchains/llvm/prebuilt/linux-x86_64/sysroot/usr/include/c++/v1]
  ignore line: [ /home/maxime/Android/Sdk/ndk/21.1.6352462/toolchains/llvm/prebuilt/linux-x86_64/sysroot/usr/local/include]
  ignore line: [ /home/maxime/Android/Sdk/ndk/21.1.6352462/toolchains/llvm/prebuilt/linux-x86_64/lib64/clang/9.0.8/include]
  ignore line: [ /home/maxime/Android/Sdk/ndk/21.1.6352462/toolchains/llvm/prebuilt/linux-x86_64/sysroot/usr/include/arm-linux-androideabi]
  ignore line: [ /home/maxime/Android/Sdk/ndk/21.1.6352462/toolchains/llvm/prebuilt/linux-x86_64/sysroot/usr/include]
  ignore line: [End of search list.]
  ignore line: [Linking CXX executable cmTC_25bb9]
  ignore line: [/usr/bin/cmake -E cmake_link_script CMakeFiles/cmTC_25bb9.dir/link.txt --verbose=1]
  ignore line: [/home/maxime/Android/Sdk/ndk/21.1.6352462/toolchains/llvm/prebuilt/linux-x86_64/bin/clang++ --target=armv7-none-linux-androideabi21 --gcc-toolchain=/home/maxime/Android/Sdk/ndk/21.1.6352462/toolchains/llvm/prebuilt/linux-x86_64 --sysroot=/home/maxime/Android/Sdk/ndk/21.1.6352462/toolchains/llvm/prebuilt/linux-x86_64/sysroot  -g -DANDROID -fdata-sections -ffunction-sections -funwind-tables -fstack-protector-strong -no-canonical-prefixes -D_FORTIFY_SOURCE=2 -march=armv7-a -mthumb -Wformat -Werror=format-security     -Wl --exclude-libs libgcc.a -Wl --exclude-libs libgcc_real.a -Wl --exclude-libs libatomic.a -Wl --build-id -Wl --fatal-warnings -Wl --exclude-libs libunwind.a -Wl --no-undefined -Qunused-arguments -Wl --gc-sections  -v CMakeFiles/cmTC_25bb9.dir/CMakeCXXCompilerABI.cpp.o  -o cmTC_25bb9 ]
  ignore line: [Android (6317467 based on r365631c1) clang version 9.0.8 (https://android.googlesource.com/toolchain/llvm-project e0caee08e5f09b374a27a676d04978c81fcb1928) (based on LLVM 9.0.8svn)]
  ignore line: [Target: armv7-none-linux-android21]
  ignore line: [Thread model: posix]
  ignore line: [InstalledDir: /home/maxime/Android/Sdk/ndk/21.1.6352462/toolchains/llvm/prebuilt/linux-x86_64/bin]
  ignore line: [Found candidate GCC installation: /home/maxime/Android/Sdk/ndk/21.1.6352462/toolchains/llvm/prebuilt/linux-x86_64/lib/gcc/arm-linux-androideabi/4.9.x]
  ignore line: [Selected GCC installation: /home/maxime/Android/Sdk/ndk/21.1.6352462/toolchains/llvm/prebuilt/linux-x86_64/lib/gcc/arm-linux-androideabi/4.9.x]
  ignore line: [Candidate multilib: thumb]
  ignore line: [@mthumb]
  ignore line: [Candidate multilib: armv7-a]
  ignore line: [@march=armv7-a]
  ignore line: [Candidate multilib: armv7-a/thumb]
  ignore line: [@march=armv7-a@mthumb]
  ignore line: [Candidate multilib: .]
  ignore line: []
  ignore line: [Selected multilib: armv7-a/thumb]
  ignore line: [@march=armv7-a@mthumb]
  link line: [ "/home/maxime/Android/Sdk/ndk/21.1.6352462/toolchains/llvm/prebuilt/linux-x86_64/lib/gcc/arm-linux-androideabi/4.9.x/../../../../arm-linux-androideabi/bin/ld" --sysroot=/home/maxime/Android/Sdk/ndk/21.1.6352462/toolchains/llvm/prebuilt/linux-x86_64/sysroot -pie -z noexecstack -EL --warn-shared-textrel -z now -z relro -X --hash-style=both --enable-new-dtags --eh-frame-hdr -m armelf_linux_eabi -dynamic-linker /system/bin/linker -o cmTC_25bb9 /home/maxime/Android/Sdk/ndk/21.1.6352462/toolchains/llvm/prebuilt/linux-x86_64/sysroot/usr/lib/arm-linux-androideabi/21/crtbegin_dynamic.o -L/home/maxime/Android/Sdk/ndk/21.1.6352462/toolchains/llvm/prebuilt/linux-x86_64/lib64/clang/9.0.8/lib/linux/arm -L/home/maxime/Android/Sdk/ndk/21.1.6352462/toolchains/llvm/prebuilt/linux-x86_64/lib/gcc/arm-linux-androideabi/4.9.x/armv7-a/thumb -L/home/maxime/Android/Sdk/ndk/21.1.6352462/toolchains/llvm/prebuilt/linux-x86_64/lib/gcc/arm-linux-androideabi/4.9.x/../../../../arm-linux-androideabi/lib/../lib/armv7-a/thumb -L/home/maxime/Android/Sdk/ndk/21.1.6352462/toolchains/llvm/prebuilt/linux-x86_64/sysroot/usr/lib/arm-linux-androideabi/21 -L/home/maxime/Android/Sdk/ndk/21.1.6352462/toolchains/llvm/prebuilt/linux-x86_64/sysroot/usr/lib/arm-linux-androideabi -L/home/maxime/Android/Sdk/ndk/21.1.6352462/toolchains/llvm/prebuilt/linux-x86_64/sysroot/usr/lib/../lib -L/home/maxime/Android/Sdk/ndk/21.1.6352462/toolchains/llvm/prebuilt/linux-x86_64/sysroot/usr/lib/arm-linux-androideabi/../../lib -L/home/maxime/Android/Sdk/ndk/21.1.6352462/toolchains/llvm/prebuilt/linux-x86_64/lib/gcc/arm-linux-androideabi/4.9.x/../../../../arm-linux-androideabi/lib/armv7-a/thumb -L/home/maxime/Android/Sdk/ndk/21.1.6352462/toolchains/llvm/prebuilt/linux-x86_64/sysroot/usr/lib --exclude-libs libgcc.a --exclude-libs libgcc_real.a --exclude-libs libatomic.a --build-id --fatal-warnings --exclude-libs libunwind.a --no-undefined --gc-sections CMakeFiles/cmTC_25bb9.dir/CMakeCXXCompilerABI.cpp.o -lc++ -lm -lgcc -ldl -lc -lgcc -ldl /home/maxime/Android/Sdk/ndk/21.1.6352462/toolchains/llvm/prebuilt/linux-x86_64/sysroot/usr/lib/arm-linux-androideabi/21/crtend_android.o]
    arg [/home/maxime/Android/Sdk/ndk/21.1.6352462/toolchains/llvm/prebuilt/linux-x86_64/lib/gcc/arm-linux-androideabi/4.9.x/../../../../arm-linux-androideabi/bin/ld] ==> ignore
    arg [--sysroot=/home/maxime/Android/Sdk/ndk/21.1.6352462/toolchains/llvm/prebuilt/linux-x86_64/sysroot] ==> ignore
    arg [-pie] ==> ignore
    arg [-znoexecstack] ==> ignore
    arg [-EL] ==> ignore
    arg [--warn-shared-textrel] ==> ignore
    arg [-znow] ==> ignore
    arg [-zrelro] ==> ignore
    arg [-X] ==> ignore
    arg [--hash-style=both] ==> ignore
    arg [--enable-new-dtags] ==> ignore
    arg [--eh-frame-hdr] ==> ignore
    arg [-m] ==> ignore
    arg [armelf_linux_eabi] ==> ignore
    arg [-dynamic-linker] ==> ignore
    arg [/system/bin/linker] ==> ignore
    arg [-o] ==> ignore
    arg [cmTC_25bb9] ==> ignore
    arg [/home/maxime/Android/Sdk/ndk/21.1.6352462/toolchains/llvm/prebuilt/linux-x86_64/sysroot/usr/lib/arm-linux-androideabi/21/crtbegin_dynamic.o] ==> ignore
    arg [-L/home/maxime/Android/Sdk/ndk/21.1.6352462/toolchains/llvm/prebuilt/linux-x86_64/lib64/clang/9.0.8/lib/linux/arm] ==> dir [/home/maxime/Android/Sdk/ndk/21.1.6352462/toolchains/llvm/prebuilt/linux-x86_64/lib64/clang/9.0.8/lib/linux/arm]
    arg [-L/home/maxime/Android/Sdk/ndk/21.1.6352462/toolchains/llvm/prebuilt/linux-x86_64/lib/gcc/arm-linux-androideabi/4.9.x/armv7-a/thumb] ==> dir [/home/maxime/Android/Sdk/ndk/21.1.6352462/toolchains/llvm/prebuilt/linux-x86_64/lib/gcc/arm-linux-androideabi/4.9.x/armv7-a/thumb]
    arg [-L/home/maxime/Android/Sdk/ndk/21.1.6352462/toolchains/llvm/prebuilt/linux-x86_64/lib/gcc/arm-linux-androideabi/4.9.x/../../../../arm-linux-androideabi/lib/../lib/armv7-a/thumb] ==> dir [/home/maxime/Android/Sdk/ndk/21.1.6352462/toolchains/llvm/prebuilt/linux-x86_64/lib/gcc/arm-linux-androideabi/4.9.x/../../../../arm-linux-androideabi/lib/../lib/armv7-a/thumb]
    arg [-L/home/maxime/Android/Sdk/ndk/21.1.6352462/toolchains/llvm/prebuilt/linux-x86_64/sysroot/usr/lib/arm-linux-androideabi/21] ==> dir [/home/maxime/Android/Sdk/ndk/21.1.6352462/toolchains/llvm/prebuilt/linux-x86_64/sysroot/usr/lib/arm-linux-androideabi/21]
    arg [-L/home/maxime/Android/Sdk/ndk/21.1.6352462/toolchains/llvm/prebuilt/linux-x86_64/sysroot/usr/lib/arm-linux-androideabi] ==> dir [/home/maxime/Android/Sdk/ndk/21.1.6352462/toolchains/llvm/prebuilt/linux-x86_64/sysroot/usr/lib/arm-linux-androideabi]
    arg [-L/home/maxime/Android/Sdk/ndk/21.1.6352462/toolchains/llvm/prebuilt/linux-x86_64/sysroot/usr/lib/../lib] ==> dir [/home/maxime/Android/Sdk/ndk/21.1.6352462/toolchains/llvm/prebuilt/linux-x86_64/sysroot/usr/lib/../lib]
    arg [-L/home/maxime/Android/Sdk/ndk/21.1.6352462/toolchains/llvm/prebuilt/linux-x86_64/sysroot/usr/lib/arm-linux-androideabi/../../lib] ==> dir [/home/maxime/Android/Sdk/ndk/21.1.6352462/toolchains/llvm/prebuilt/linux-x86_64/sysroot/usr/lib/arm-linux-androideabi/../../lib]
    arg [-L/home/maxime/Android/Sdk/ndk/21.1.6352462/toolchains/llvm/prebuilt/linux-x86_64/lib/gcc/arm-linux-androideabi/4.9.x/../../../../arm-linux-androideabi/lib/armv7-a/thumb] ==> dir [/home/maxime/Android/Sdk/ndk/21.1.6352462/toolchains/llvm/prebuilt/linux-x86_64/lib/gcc/arm-linux-androideabi/4.9.x/../../../../arm-linux-androideabi/lib/armv7-a/thumb]
    arg [-L/home/maxime/Android/Sdk/ndk/21.1.6352462/toolchains/llvm/prebuilt/linux-x86_64/sysroot/usr/lib] ==> dir [/home/maxime/Android/Sdk/ndk/21.1.6352462/toolchains/llvm/prebuilt/linux-x86_64/sysroot/usr/lib]
    arg [--exclude-libs] ==> ignore
    arg [libgcc.a] ==> ignore
    arg [--exclude-libs] ==> ignore
    arg [libgcc_real.a] ==> ignore
    arg [--exclude-libs] ==> ignore
    arg [libatomic.a] ==> ignore
    arg [--build-id] ==> ignore
    arg [--fatal-warnings] ==> ignore
    arg [--exclude-libs] ==> ignore
    arg [libunwind.a] ==> ignore
    arg [--no-undefined] ==> ignore
    arg [--gc-sections] ==> ignore
    arg [CMakeFiles/cmTC_25bb9.dir/CMakeCXXCompilerABI.cpp.o] ==> ignore
    arg [-lc++] ==> lib [c++]
    arg [-lm] ==> lib [m]
    arg [-lgcc] ==> lib [gcc]
    arg [-ldl] ==> lib [dl]
    arg [-lc] ==> lib [c]
    arg [-lgcc] ==> lib [gcc]
    arg [-ldl] ==> lib [dl]
    arg [/home/maxime/Android/Sdk/ndk/21.1.6352462/toolchains/llvm/prebuilt/linux-x86_64/sysroot/usr/lib/arm-linux-androideabi/21/crtend_android.o] ==> ignore
  collapse library dir [/home/maxime/Android/Sdk/ndk/21.1.6352462/toolchains/llvm/prebuilt/linux-x86_64/lib64/clang/9.0.8/lib/linux/arm] ==> [/home/maxime/Android/Sdk/ndk/21.1.6352462/toolchains/llvm/prebuilt/linux-x86_64/lib64/clang/9.0.8/lib/linux/arm]
  collapse library dir [/home/maxime/Android/Sdk/ndk/21.1.6352462/toolchains/llvm/prebuilt/linux-x86_64/lib/gcc/arm-linux-androideabi/4.9.x/armv7-a/thumb] ==> [/home/maxime/Android/Sdk/ndk/21.1.6352462/toolchains/llvm/prebuilt/linux-x86_64/lib/gcc/arm-linux-androideabi/4.9.x/armv7-a/thumb]
  collapse library dir [/home/maxime/Android/Sdk/ndk/21.1.6352462/toolchains/llvm/prebuilt/linux-x86_64/lib/gcc/arm-linux-androideabi/4.9.x/../../../../arm-linux-androideabi/lib/../lib/armv7-a/thumb] ==> [/home/maxime/Android/Sdk/ndk/21.1.6352462/toolchains/llvm/prebuilt/linux-x86_64/arm-linux-androideabi/lib/armv7-a/thumb]
  collapse library dir [/home/maxime/Android/Sdk/ndk/21.1.6352462/toolchains/llvm/prebuilt/linux-x86_64/sysroot/usr/lib/arm-linux-androideabi/21] ==> [/home/maxime/Android/Sdk/ndk/21.1.6352462/toolchains/llvm/prebuilt/linux-x86_64/sysroot/usr/lib/arm-linux-androideabi/21]
  collapse library dir [/home/maxime/Android/Sdk/ndk/21.1.6352462/toolchains/llvm/prebuilt/linux-x86_64/sysroot/usr/lib/arm-linux-androideabi] ==> [/home/maxime/Android/Sdk/ndk/21.1.6352462/toolchains/llvm/prebuilt/linux-x86_64/sysroot/usr/lib/arm-linux-androideabi]
  collapse library dir [/home/maxime/Android/Sdk/ndk/21.1.6352462/toolchains/llvm/prebuilt/linux-x86_64/sysroot/usr/lib/../lib] ==> [/home/maxime/Android/Sdk/ndk/21.1.6352462/toolchains/llvm/prebuilt/linux-x86_64/sysroot/usr/lib]
  collapse library dir [/home/maxime/Android/Sdk/ndk/21.1.6352462/toolchains/llvm/prebuilt/linux-x86_64/sysroot/usr/lib/arm-linux-androideabi/../../lib] ==> [/home/maxime/Android/Sdk/ndk/21.1.6352462/toolchains/llvm/prebuilt/linux-x86_64/sysroot/usr/lib]
  collapse library dir [/home/maxime/Android/Sdk/ndk/21.1.6352462/toolchains/llvm/prebuilt/linux-x86_64/lib/gcc/arm-linux-androideabi/4.9.x/../../../../arm-linux-androideabi/lib/armv7-a/thumb] ==> [/home/maxime/Android/Sdk/ndk/21.1.6352462/toolchains/llvm/prebuilt/linux-x86_64/arm-linux-androideabi/lib/armv7-a/thumb]
  collapse library dir [/home/maxime/Android/Sdk/ndk/21.1.6352462/toolchains/llvm/prebuilt/linux-x86_64/sysroot/usr/lib] ==> [/home/maxime/Android/Sdk/ndk/21.1.6352462/toolchains/llvm/prebuilt/linux-x86_64/sysroot/usr/lib]
  implicit libs: [c++;m;gcc;dl;c;gcc;dl]
  implicit dirs: [/home/maxime/Android/Sdk/ndk/21.1.6352462/toolchains/llvm/prebuilt/linux-x86_64/lib64/clang/9.0.8/lib/linux/arm;/home/maxime/Android/Sdk/ndk/21.1.6352462/toolchains/llvm/prebuilt/linux-x86_64/lib/gcc/arm-linux-androideabi/4.9.x/armv7-a/thumb;/home/maxime/Android/Sdk/ndk/21.1.6352462/toolchains/llvm/prebuilt/linux-x86_64/arm-linux-androideabi/lib/armv7-a/thumb;/home/maxime/Android/Sdk/ndk/21.1.6352462/toolchains/llvm/prebuilt/linux-x86_64/sysroot/usr/lib/arm-linux-androideabi/21;/home/maxime/Android/Sdk/ndk/21.1.6352462/toolchains/llvm/prebuilt/linux-x86_64/sysroot/usr/lib/arm-linux-androideabi;/home/maxime/Android/Sdk/ndk/21.1.6352462/toolchains/llvm/prebuilt/linux-x86_64/sysroot/usr/lib]
  implicit fwks: []


Checking whether the ASM compiler is Clang using "--version" matched "(clang version)":
Android (6317467 based on r365631c1) clang version 9.0.8 (https://android.googlesource.com/toolchain/llvm-project e0caee08e5f09b374a27a676d04978c81fcb1928) (based on LLVM 9.0.8svn)
Target: x86_64-unknown-linux-gnu
Thread model: posix
InstalledDir: /home/maxime/Android/Sdk/ndk/21.1.6352462/toolchains/llvm/prebuilt/linux-x86_64/bin
